Dummy Started at: Thu Jun 18 19:19:39 2026
---------------------------------------------------------------------------------------------
Dummy,      100 bufs(     100),   200.31 sec,          0 bytes, 19:22:59
---------------------------------------------------------------------------------------------
Dummy,      200 bufs(     200),   400.62 sec,          0 bytes, 19:26:20
---------------------------------------------------------------------------------------------
Stopped:      289 bufs(     289),    578.9 sec,          0 bytes, 19:29:18
---------------------------------------------------------------------------------------------
Dummy Started at: Thu Jun 18 20:47:27 2026
---------------------------------------------------------------------------------------------
Dummy Paused at: Thu Jun 18 20:47:53 2026
---------------------------------------------------------------------------------------------
Dummy Started at: Fri Jun 19 19:14:08 2026
---------------------------------------------------------------------------------------------
Dummy,      100 bufs(     100),   200.32 sec,          0 bytes, 19:17:29
---------------------------------------------------------------------------------------------
Dummy Started at: Fri Jun 19 20:28:32 2026
---------------------------------------------------------------------------------------------
Dummy Started at: Mon Jun 22 15:34:54 2026
---------------------------------------------------------------------------------------------
Dummy Started at: Mon Jun 22 15:40:49 2026
---------------------------------------------------------------------------------------------
Dummy Started at: Mon Jun 22 15:44:38 2026
---------------------------------------------------------------------------------------------
Dummy Started at: Mon Jun 22 15:47:02 2026
---------------------------------------------------------------------------------------------
Dummy Started at: Mon Jun 22 15:50:14 2026
---------------------------------------------------------------------------------------------
Dummy,      100 bufs(     100),   257.28 sec,          0 bytes, 15:54:31
---------------------------------------------------------------------------------------------
Stopped:      158 bufs(     158),    373.6 sec,          0 bytes, 15:56:27
---------------------------------------------------------------------------------------------
Dummy Started at: Mon Jun 22 16:03:06 2026
---------------------------------------------------------------------------------------------
Dummy,      100 bufs(     100),   200.69 sec,          0 bytes, 16:06:27
---------------------------------------------------------------------------------------------
Dummy,      200 bufs(     200),   401.48 sec,          0 bytes, 16:09:48
---------------------------------------------------------------------------------------------
Dummy,      300 bufs(     300),   602.16 sec,          0 bytes, 16:13:09
---------------------------------------------------------------------------------------------
Dummy,      400 bufs(     400),   802.92 sec,          0 bytes, 16:16:29
---------------------------------------------------------------------------------------------
Dummy,      500 bufs(     500),  1003.67 sec,          0 bytes, 16:19:50
---------------------------------------------------------------------------------------------
Dummy,      600 bufs(     600),  1204.37 sec,          0 bytes, 16:23:11
---------------------------------------------------------------------------------------------
Dummy,      700 bufs(     700),  1405.05 sec,          0 bytes, 16:26:32
---------------------------------------------------------------------------------------------
Dummy,      800 bufs(     800),  1605.87 sec,          0 bytes, 16:29:52
---------------------------------------------------------------------------------------------
Dummy,      900 bufs(     900),  1806.51 sec,          0 bytes, 16:33:13
---------------------------------------------------------------------------------------------
Dummy Started at: Mon Jun 22 16:35:26 2026
---------------------------------------------------------------------------------------------
Dummy,      100 bufs(     100),   200.42 sec,          0 bytes, 16:38:46
---------------------------------------------------------------------------------------------
Dummy Started at: Tue Jun 23 13:50:36 2026
---------------------------------------------------------------------------------------------
Stopped:       31 bufs(      31),     62.2 sec,          0 bytes, 13:51:38
---------------------------------------------------------------------------------------------
Dummy Started at: Tue Jun 23 14:03:04 2026
---------------------------------------------------------------------------------------------
Stopped:       21 bufs(      21),     42.1 sec,          0 bytes, 14:03:46
---------------------------------------------------------------------------------------------
