Dummy Start:Thu Jun 18 19:19:39 2026

Stop: Thu Jun 18 19:29:18 2026
 Elapsed sec: 578.9
-------------------------------------------------------
Dummy Start:Thu Jun 18 20:47:27 2026

Pause:Thu Jan  1 06:38:16 1970
 Elapsed sec: 24.0
Pause:Thu Jan  1 06:38:16 1970
 Elapsed sec: 26.1
Pause:Thu Jan  1 06:38:16 1970
 Elapsed sec: 26.1
Dummy Start:Fri Jun 19 19:14:08 2026

Dummy Start:Fri Jun 19 20:28:32 2026

Dummy Start:Mon Jun 22 15:34:54 2026

Dummy Start:Mon Jun 22 15:40:49 2026

Dummy Start:Mon Jun 22 15:44:38 2026

Dummy Start:Mon Jun 22 15:47:02 2026

Dummy Start:Mon Jun 22 15:50:14 2026

Stop: Mon Jun 22 15:56:27 2026
 Elapsed sec: 373.6
-------------------------------------------------------
Dummy Start:Mon Jun 22 16:03:06 2026

Dummy Start:Mon Jun 22 16:35:26 2026

Dummy Start:Tue Jun 23 13:50:36 2026

Stop: Tue Jun 23 13:51:38 2026
 Elapsed sec: 62.2
-------------------------------------------------------
Dummy Start:Tue Jun 23 14:03:04 2026

Stop: Tue Jun 23 14:03:46 2026
 Elapsed sec: 42.1
-------------------------------------------------------
